c:\c++\visal game sdl\sdlgame\sdlgame\x64\debug\vc142.pdb
c:\c++\visal game sdl\sdlgame\sdlgame\x64\debug\vc142.idb
c:\c++\visal game sdl\sdlgame\sdlgame\x64\debug\texturemanager.obj
c:\c++\visal game sdl\sdlgame\sdlgame\x64\debug\point.obj
c:\c++\visal game sdl\sdlgame\sdlgame\x64\debug\playsound.obj
c:\c++\visal game sdl\sdlgame\sdlgame\x64\debug\map.obj
c:\c++\visal game sdl\sdlgame\sdlgame\x64\debug\gameobject.obj
c:\c++\visal game sdl\sdlgame\sdlgame\x64\debug\game.obj
c:\c++\visal game sdl\sdlgame\sdlgame\x64\debug\main.obj
c:\c++\visal game sdl\sdlgame\sdlgame\x64\debug\loadsound.obj
c:\c++\visal game sdl\sdlgame\sdlgame\x64\debug\list_coordinates.obj
c:\c++\visal game sdl\sdlgame\sdlgame\x64\debug\collision.obj
c:\c++\visal game sdl\sdlgame\sdlgame\x64\debug\check_collision.obj
c:\c++\visal game sdl\sdlgame\sdlgame\x64\debug\bird.obj
c:\c++\visal game sdl\sdlgame\x64\debug\sdlgame.exe
c:\c++\visal game sdl\sdlgame\x64\debug\sdlgame.ilk
c:\c++\visal game sdl\sdlgame\x64\debug\sdlgame.pdb
c:\c++\visal game sdl\sdlgame\sdlgame\x64\debug\loadsound.obj.enc
c:\c++\visal game sdl\sdlgame\sdlgame\x64\debug\sdlgame.tlog\cl.command.1.tlog
c:\c++\visal game sdl\sdlgame\sdlgame\x64\debug\sdlgame.tlog\cl.read.1.tlog
c:\c++\visal game sdl\sdlgame\sdlgame\x64\debug\sdlgame.tlog\cl.write.1.tlog
c:\c++\visal game sdl\sdlgame\sdlgame\x64\debug\sdlgame.tlog\link.command.1.tlog
c:\c++\visal game sdl\sdlgame\sdlgame\x64\debug\sdlgame.tlog\link.read.1.tlog
c:\c++\visal game sdl\sdlgame\sdlgame\x64\debug\sdlgame.tlog\link.write.1.tlog
